5214423501149:ENCOLADO ans_77b87b50-bc9a-44c8-9c42-28cdc6243161
EJECUTANDO:ans_77b87b50-bc9a-44c8-9c42-28cdc6243161
5214423501149:SUCCESS
5214423501149:ENCOLADO ans_1a2bc518-f0ae-442b-a1df-f47e310de71f
EJECUTANDO:ans_1a2bc518-f0ae-442b-a1df-f47e310de71f
5214423501149:SUCCESS
5214423501149:ENCOLADO ans_e2d00c21-0087-400b-aaed-3608c9dbe56a
EJECUTANDO:ans_e2d00c21-0087-400b-aaed-3608c9dbe56a
5214423501149:SUCCESS
5214423501149:ENCOLADO ans_4f74d28b-1721-4d97-9531-d5aa2163a0d1
EJECUTANDO:ans_4f74d28b-1721-4d97-9531-d5aa2163a0d1
5214423501149:SUCCESS
5214423501149:ENCOLADO ans_f128756d-2a0b-49b4-854a-11c0875f0be6
EJECUTANDO:ans_f128756d-2a0b-49b4-854a-11c0875f0be6
5214423501149:SUCCESS
5214423501149:ENCOLADO ans_f9d6e3ce-4404-4ec2-90bb-9a9b3d36296e
EJECUTANDO:ans_f9d6e3ce-4404-4ec2-90bb-9a9b3d36296e
5214423501149:SUCCESS
5214423501149:ENCOLADO ans_db744d01-b627-4cf0-af76-b4c5cf85203b
EJECUTANDO:ans_db744d01-b627-4cf0-af76-b4c5cf85203b
5214423501149:SUCCESS
5214423501149:ENCOLADO ans_d26fdd81-7444-4d73-a5f9-346a707dc7ff
EJECUTANDO:ans_d26fdd81-7444-4d73-a5f9-346a707dc7ff
5214423501149:SUCCESS
5214423501149:ENCOLADO ans_9f38dfc5-d66a-4a70-b246-473f88ad8d4a
EJECUTANDO:ans_9f38dfc5-d66a-4a70-b246-473f88ad8d4a
5214423501149:SUCCESS
5214423501149:ENCOLADO ans_77b87b50-bc9a-44c8-9c42-28cdc6243161
EJECUTANDO:ans_77b87b50-bc9a-44c8-9c42-28cdc6243161
5214423501149:SUCCESS
5214423501149:ENCOLADO ans_1a2bc518-f0ae-442b-a1df-f47e310de71f
EJECUTANDO:ans_1a2bc518-f0ae-442b-a1df-f47e310de71f
5214423501149:SUCCESS
5214423501149:ENCOLADO ans_e2d00c21-0087-400b-aaed-3608c9dbe56a
EJECUTANDO:ans_e2d00c21-0087-400b-aaed-3608c9dbe56a
5214423501149:SUCCESS
